[08:34:43] [ServerMain/INFO]: [bootstrap] Running Java 21 (OpenJDK 64-Bit Server VM 21.0.5+11-LTS; Microsoft Microsoft-10376803) on Linux 6.5.0-1025-azure (amd64)
[08:34:43] [ServerMain/INFO]: [bootstrap] Loading Paper 1.21.4-78-main@49d15f6 (2025-01-07T18:45:42Z) for Minecraft 1.21.4
[08:34:44] [ServerMain/INFO]: [PluginInitializerManager] Initializing plugins...
[08:34:45] [ServerMain/INFO]: [PluginInitializerManager] Initialized 8 plugins
[08:34:45] [ServerMain/INFO]: [PluginInitializerManager] Bukkit plugins (8):
 - AxTrade (1.12.3), Chunky (1.4.28), Geyser-Spigot (2.6.0-SNAPSHOT), InventoryDropChance (1.3.10), LuckPerms (5.4.152), SimpleTpa (7.4), ViaVersion (5.2.1), floodgate (2.2.3-SNAPSHOT (b114-83fbd6e))
[08:34:51] [ServerMain/INFO]: Environment: Environment[sessionHost=https://sessionserver.mojang.com, servicesHost=https://api.minecraftservices.com, name=PROD]
[08:34:54] [ServerMain/INFO]: Loaded 1370 recipes
[08:34:54] [ServerMain/INFO]: Loaded 1481 advancements
[08:34:54] [ServerMain/INFO]: [MCTypeRegistry] Initialising converters for DataConverter...
[08:34:54] [ServerMain/INFO]: [MCTypeRegistry] Finished initialising converters for DataConverter in 335.6ms
[08:34:55] [Server thread/INFO]: Starting minecraft server version 1.21.4
[08:34:55] [Server thread/INFO]: Loading properties
[08:34:55] [Server thread/INFO]: This server is running Paper version 1.21.4-78-main@49d15f6 (2025-01-07T18:45:42Z) (Implementing API version 1.21.4-R0.1-SNAPSHOT)
[08:34:55] [Server thread/INFO]: [spark] This server bundles the spark profiler. For more information please visit https://docs.papermc.io/paper/profiling
[08:34:55] [Server thread/INFO]: Server Ping Player Sample Count: 12
[08:34:55] [Server thread/INFO]: Using 4 threads for Netty based IO
[08:34:56] [Server thread/INFO]: [MoonriseCommon] Paper is using 1 worker threads, 1 I/O threads
[08:34:56] [Server thread/INFO]: [ChunkTaskScheduler] Chunk system is using population gen parallelism: true
[08:34:57] [Server thread/INFO]: Default game type: SURVIVAL
[08:34:57] [Server thread/INFO]: Generating keypair
[08:34:57] [Server thread/INFO]: Starting Minecraft server on *:25565
[08:34:57] [Server thread/INFO]: Using epoll channel type
[08:34:57] [Server thread/INFO]: Paper: Using libdeflate (Linux x86_64) compression from Velocity.
[08:34:57] [Server thread/INFO]: Paper: Using OpenSSL 1.1.x (Linux x86_64) cipher from Velocity.
[08:34:58] [Server thread/INFO]: [floodgate] Loading server plugin floodgate v2.2.3-SNAPSHOT (b114-83fbd6e)
[08:34:59] [Server thread/WARN]: [floodgate] en_ is not a supported Floodgate language.
[08:34:59] [Server thread/INFO]: [floodgate] Took 1,034ms to boot Floodgate
[08:34:59] [Server thread/INFO]: [ViaVersion] Loading server plugin ViaVersion v5.2.1
[08:34:59] [Server thread/INFO]: [ViaVersion] ViaVersion 5.2.1 is now loaded. Registering protocol transformers and injecting...
[08:35:00] [Via-Mappingloader-0/INFO]: [ViaVersion] Loading block connection mappings ...
[08:35:00] [Via-Mappingloader-0/INFO]: [ViaVersion] Using FastUtil Long2ObjectOpenHashMap for block connections
[08:35:01] [Server thread/INFO]: [Geyser-Spigot] Loading server plugin Geyser-Spigot v2.6.0-SNAPSHOT
[08:35:01] [Server thread/INFO]: [Geyser-Spigot] Loading extensions...
[08:35:01] [Server thread/INFO]: [Geyser-Spigot] Loaded 0 extension(s)
[08:35:01] [Server thread/INFO]: [AxTrade] Loading server plugin AxTrade v1.12.3
[08:35:01] [Server thread/INFO]: [AxTrade] Loading library commons-math3
[08:35:01] [Server thread/INFO]: [AxTrade] Loading library caffeine
[08:35:01] [Server thread/INFO]: [AxTrade] Loading library snakeyaml
[08:35:01] [Server thread/INFO]: [SimpleTpa] Loading server plugin SimpleTpa v7.4
[08:35:01] [Server thread/INFO]: [LuckPerms] Loading server plugin LuckPerms v5.4.152
[08:35:02] [Server thread/INFO]: [InventoryDropChance] Loading server plugin InventoryDropChance v1.3.10
[08:35:02] [Server thread/INFO]: [CommandAPI] Loaded platform NMS_1_21_R3 > NMS_Common > CommandAPIBukkit
[08:35:02] [Server thread/INFO]: [CommandAPI] Hooked into Spigot successfully for Chat/ChatComponents
[08:35:02] [Server thread/INFO]: [CommandAPI] Hooked into Adventure for AdventureChat/AdventureChatComponents
[08:35:02] [Server thread/INFO]: [CommandAPI] Hooked into Paper for paper-specific API implementations
[08:35:02] [Server thread/INFO]: [Chunky] Loading server plugin Chunky v1.4.28
[08:35:02] [Server thread/INFO]: Server permissions file permissions.yml is empty, ignoring it
[08:35:02] [Server thread/INFO]: [LuckPerms] Enabling LuckPerms v5.4.152
[08:35:02] [Server thread/INFO]:         __    
[08:35:02] [Server thread/INFO]:   |    |__)   LuckPerms v5.4.152
[08:35:02] [Server thread/INFO]:   |___ |      Running on Bukkit - Paper
[08:35:02] [Server thread/INFO]: 
[08:35:02] [Server thread/INFO]: [LuckPerms] Loading configuration...
[08:35:03] [Server thread/INFO]: [LuckPerms] Loading storage provider... [H2]
[08:35:03] [Server thread/INFO]: [LuckPerms] Loading internal permission managers...
[08:35:03] [Server thread/INFO]: [LuckPerms] Performing initial data load...
[08:35:03] [Server thread/INFO]: [LuckPerms] Successfully enabled. (took 1447ms)
[08:35:03] [Server thread/WARN]: **** SERVER IS RUNNING IN OFFLINE/INSECURE MODE!
[08:35:03] [Server thread/WARN]: The server will make no attempt to authenticate usernames. Beware.
[08:35:03] [Server thread/WARN]: While this makes the game possible to play without internet access, it also opens up the ability for hackers to connect with any username they choose.
[08:35:03] [Server thread/WARN]: To change this, set "online-mode" to "true" in the server.properties file.
[08:35:03] [Server thread/INFO]: Preparing level "world"
[08:35:04] [Server thread/INFO]: Preparing start region for dimension minecraft:overworld
[08:35:05] [Server thread/INFO]: Preparing spawn area: 0%
[08:35:06] [Server thread/INFO]: Preparing spawn area: 2%
[08:35:06] [Server thread/INFO]: Preparing spawn area: 2%
[08:35:06] [Server thread/INFO]: Preparing spawn area: 18%
[08:35:07] [Server thread/INFO]: Preparing spawn area: 20%
[08:35:07] [Server thread/INFO]: Time elapsed: 2471 ms
[08:35:07] [Server thread/INFO]: Preparing start region for dimension minecraft:the_nether
[08:35:07] [Server thread/INFO]: Preparing spawn area: 0%
[08:35:07] [Server thread/INFO]: Time elapsed: 396 ms
[08:35:07] [Server thread/INFO]: Preparing start region for dimension minecraft:the_end
[08:35:07] [Server thread/INFO]: Preparing spawn area: 0%
[08:35:08] [Server thread/INFO]: Time elapsed: 280 ms
[08:35:08] [Server thread/INFO]: [floodgate] Enabling floodgate v2.2.3-SNAPSHOT (b114-83fbd6e)
[08:35:08] [Server thread/INFO]: [ViaVersion] Enabling ViaVersion v5.2.1
[08:35:08] [Server thread/INFO]: [ViaVersion] ViaVersion detected server version: 1.21.4 (769)
[08:35:08] [Server thread/WARN]: [ViaVersion] ViaVersion does not have any compatible versions for this server version!
[08:35:08] [Server thread/WARN]: [ViaVersion] Please remember that ViaVersion only adds support for versions newer than the server version.
[08:35:08] [Server thread/WARN]: [ViaVersion] If you need support for older versions you may need to use one or more ViaVersion addons too.
[08:35:08] [Server thread/WARN]: [ViaVersion] In that case please read the ViaVersion resource page carefully or use https://viaversion.com/setup
[08:35:08] [Server thread/WARN]: [ViaVersion] and if you're still unsure, feel free to join our Discord-Server for further assistance.
[08:35:08] [Server thread/INFO]: [Geyser-Spigot] Enabling Geyser-Spigot v2.6.0-SNAPSHOT
[08:35:09] [Server thread/INFO]: [AxTrade] Enabling AxTrade v1.12.3
[08:35:10] [Server thread/INFO]: [AxTrade] Loaded plugin!
[08:35:10] [Server thread/INFO]: [SimpleTpa] Enabling SimpleTpa v7.4
[08:35:10] [Server thread/INFO]: [SimpleTpa] If you need support contact me at https://discord.gg/SZUkza9
[08:35:10] [Server thread/INFO]: [SimpleTpa] Simple Tpa has been enabled on version 7.4
[08:35:10] [Server thread/INFO]: Enabled metrics. You may opt-out by changing plugins/bStats/config.yml
[08:35:10] [Server thread/INFO]: [InventoryDropChance] Enabling InventoryDropChance v1.3.10
[08:35:10] [Server thread/INFO]: [CommandAPI] Hooked into Paper ServerResourcesReloadedEvent
[08:35:10] [Server thread/INFO]: [Chunky] Enabling Chunky v1.4.28
[08:35:11] [Server thread/INFO]: [spark] Starting background profiler...
[08:35:11] [Server thread/INFO]: [Geyser-Spigot] ******************************************
[08:35:11] [Server thread/INFO]: [Geyser-Spigot] 
[08:35:11] [Server thread/INFO]: [Geyser-Spigot] Loading Geyser version 2.6.0-b742 (git-master-ddd1afa)
[08:35:11] [Server thread/INFO]: [Geyser-Spigot] 
[08:35:11] [Server thread/INFO]: [Geyser-Spigot] ******************************************
[08:35:18] [epollEventLoopGroup-3-2/INFO]: [Geyser-Spigot] Started Geyser on UDP port 25565
[08:35:18] [Server thread/INFO]: [Geyser-Spigot] Done (7.192s)! Run /geyser help for help!
[08:35:18] [Server thread/INFO]: Done preparing level "world" (15.055s)
[08:35:18] [Server thread/INFO]: Running delayed init tasks
[08:35:19] [Server thread/INFO]: [CommandAPI] Reloading datapacks...
[08:35:19] [Craft Scheduler Thread - 2 - ViaVersion/INFO]: [ViaVersion] Finished mapping loading, shutting down loader executor.
[08:35:21] [Server thread/INFO]: Loaded 1370 recipes
[08:35:21] [Server thread/INFO]: Loaded 1481 advancements
[08:35:22] [Server thread/INFO]: [CommandAPI] Finished reloading datapacks
[08:35:22] [Server thread/INFO]: Done (39.596s)! For help, type "help"
[08:35:22] [Server thread/WARN]: Can't keep up! Is the server overloaded? Running 3348ms or 66 ticks behind
[08:35:26] [Server thread/INFO]: Stopping the server
[08:35:26] [Server thread/INFO]: Stopping server
[08:35:26] [Server thread/INFO]: [Chunky] Disabling Chunky v1.4.28
[08:35:26] [Server thread/INFO]: [InventoryDropChance] Disabling InventoryDropChance v1.3.10
[08:35:26] [Server thread/INFO]: [LuckPerms] Disabling LuckPerms v5.4.152
[08:35:26] [Server thread/INFO]: [LuckPerms] Starting shutdown process...
[08:35:26] [Server thread/INFO]: [LuckPerms] Closing storage...
[08:35:26] [Server thread/INFO]: [LuckPerms] Goodbye!
[08:35:26] [Server thread/INFO]: [SimpleTpa] Disabling SimpleTpa v7.4
[08:35:26] [Server thread/INFO]: [SimpleTpa] If you need support contact me at https://discord.gg/SZUkza9
[08:35:26] [Server thread/INFO]: [SimpleTpa] Simple Tpa has been disabled on version 7.4
[08:35:26] [Server thread/INFO]: [AxTrade] Disabling AxTrade v1.12.3
[08:35:26] [Server thread/INFO]: [Geyser-Spigot] Disabling Geyser-Spigot v2.6.0-SNAPSHOT
[08:35:26] [Server thread/INFO]: [Geyser-Spigot] Shutting down Geyser.
[08:35:26] [Server thread/INFO]: [Geyser-Spigot] Geyser shutdown successfully.
[08:35:26] [Server thread/INFO]: [ViaVersion] Disabling ViaVersion v5.2.1
[08:35:26] [Server thread/INFO]: [ViaVersion] ViaVersion has been disabled; uninjected the platform and shut down the scheduler.
[08:35:26] [Server thread/INFO]: [floodgate] Disabling floodgate v2.2.3-SNAPSHOT (b114-83fbd6e)
[08:35:27] [Server thread/INFO]: Saving players
[08:35:27] [Server thread/INFO]: Saving worlds
[08:35:27] [Server thread/INFO]: Saving chunks for level 'ServerLevel[world]'/minecraft:overworld
[08:35:27] [Server thread/INFO]: [ChunkHolderManager] Waiting 60s for chunk system to halt for world 'world'
[08:35:27] [Server thread/INFO]: [ChunkHolderManager] Halted chunk system for world 'world'
[08:35:27] [Server thread/INFO]: [ChunkHolderManager] Saving all chunkholders for world 'world'
[08:35:27] [WebSocketConnectReadThread-102/INFO]: [Geyser-Spigot] The skin uploader has been closed
[08:35:27] [Server thread/INFO]: [ChunkHolderManager] Saved 49 block chunks, 49 entity chunks, 0 poi chunks in world 'world' in 0.58s
[08:35:27] [Server thread/INFO]: [ChunkHolderManager] Waiting 60s for chunk I/O to halt for world 'world'
[08:35:27] [Server thread/INFO]: [ChunkHolderManager] Halted I/O scheduler for world 'world'
[08:35:27] [Server thread/INFO]: Saving chunks for level 'ServerLevel[world_nether]'/minecraft:the_nether
[08:35:27] [Server thread/INFO]: [ChunkHolderManager] Waiting 60s for chunk system to halt for world 'world_nether'
[08:35:27] [Server thread/INFO]: [ChunkHolderManager] Halted chunk system for world 'world_nether'
[08:35:27] [Server thread/INFO]: [ChunkHolderManager] Saving all chunkholders for world 'world_nether'
[08:35:27] [Server thread/INFO]: [ChunkHolderManager] Saved 49 block chunks, 49 entity chunks, 0 poi chunks in world 'world_nether' in 0.28s
[08:35:27] [Server thread/INFO]: [ChunkHolderManager] Waiting 60s for chunk I/O to halt for world 'world_nether'
[08:35:27] [Server thread/INFO]: [ChunkHolderManager] Halted I/O scheduler for world 'world_nether'
[08:35:28] [Server thread/INFO]: Saving chunks for level 'ServerLevel[world_the_end]'/minecraft:the_end
[08:35:28] [Server thread/INFO]: [ChunkHolderManager] Waiting 60s for chunk system to halt for world 'world_the_end'
[08:35:28] [Server thread/INFO]: [ChunkHolderManager] Halted chunk system for world 'world_the_end'
[08:35:28] [Server thread/INFO]: [ChunkHolderManager] Saving all chunkholders for world 'world_the_end'
[08:35:28] [Server thread/INFO]: [ChunkHolderManager] Saved 49 block chunks, 49 entity chunks, 0 poi chunks in world 'world_the_end' in 0.12s
[08:35:28] [Server thread/INFO]: [ChunkHolderManager] Waiting 60s for chunk I/O to halt for world 'world_the_end'
[08:35:28] [Server thread/INFO]: [ChunkHolderManager] Halted I/O scheduler for world 'world_the_end'
[08:35:28] [Server thread/INFO]: ThreadedAnvilChunkStorage (world): All chunks are saved
[08:35:28] [Server thread/INFO]: ThreadedAnvilChunkStorage (DIM-1): All chunks are saved
[08:35:28] [Server thread/INFO]: ThreadedAnvilChunkStorage (DIM1): All chunks are saved
[08:35:28] [Server thread/INFO]: ThreadedAnvilChunkStorage: All dimensions are saved
[08:35:28] [Server thread/INFO]: Waiting for I/O tasks to complete...
[08:35:28] [Server thread/INFO]: All I/O tasks to complete
[08:35:28] [Server thread/INFO]: [MoonriseCommon] Awaiting termination of worker pool for up to 60s...
[08:35:28] [Server thread/INFO]: [MoonriseCommon] Awaiting termination of I/O pool for up to 60s...
